#-----------------------------------------------------------
# Vivado v2020.2 (64-bit)
# SW Build 3064766 on Wed Nov 18 09:12:47 MST 2020
# IP Build 3064653 on Wed Nov 18 14:17:31 MST 2020
# Start of session at: Wed Mar  3 10:26:55 2021
# Process ID: 6914
# Current directory: /home/spdy18695/workbench/CODES/Vivado_projects/Systolic_Array
# Command line: vivado Systolic_Array.xpr
# Log file: /home/spdy18695/workbench/CODES/Vivado_projects/Systolic_Array/vivado.log
# Journal file: /home/spdy18695/workbench/CODES/Vivado_projects/Systolic_Array/vivado.jou
#-----------------------------------------------------------
start_gui
open_project Systolic_Array.xpr
Scanning sources...
Finished scanning sources
INFO: [IP_Flow 19-234] Refreshing IP repositories
INFO: [IP_Flow 19-1704] No user IP repositories specified
INFO: [IP_Flow 19-2313] Loaded Vivado IP repository '/tools/Xilinx/Vivado/2020.2/data/ip'.
update_compile_order -fileset sources_1
INFO: [IP_Flow 19-3899] Cannot get the environment domain name variable for the component vendor name. Setting the vendor name to 'user.org'.
launch_simulation
Command: launch_simulation 
INFO: [Vivado 12-5682] Launching behavioral simulation in '/home/spdy18695/workbench/CODES/Vivado_projects/Systolic_Array/Systolic_Array.sim/sim_1/behav/xsim'
INFO: [SIM-utils-51] Simulation object is 'sim_1'
INFO: [SIM-utils-54] Inspecting design source files for 'Systolic_Processor_tb' in fileset 'sim_1'...
INFO: [USF-XSim-97] Finding global include files...
INFO: [USF-XSim-98] Fetching design files from 'sim_1'...
INFO: [USF-XSim-2] XSim::Compile design
INFO: [USF-XSim-61] Executing 'COMPILE and ANALYZE' step in '/home/spdy18695/workbench/CODES/Vivado_projects/Systolic_Array/Systolic_Array.sim/sim_1/behav/xsim'
xvlog --incr --relax -prj Systolic_Processor_tb_vlog.prj
Waiting for jobs to finish...
No pending jobs, compilation finished.
INFO: [USF-XSim-69] 'compile' step finished in '1' seconds
INFO: [USF-XSim-3] XSim::Elaborate design
INFO: [USF-XSim-61] Executing 'ELABORATE' step in '/home/spdy18695/workbench/CODES/Vivado_projects/Systolic_Array/Systolic_Array.sim/sim_1/behav/xsim'
xelab -wto 888e7af2256e47da8ca96fb35cbd6188 --incr --debug typical --relax --mt 8 -L xil_defaultlib -L unisims_ver -L unimacro_ver -L secureip --snapshot Systolic_Processor_tb_behav xil_defaultlib.Systolic_Processor_tb xil_defaultlib.glbl -log elaborate.log
Vivado Simulator 2020.2
Copyright 1986-1999, 2001-2020 Xilinx, Inc. All Rights Reserved.
Running: /tools/Xilinx/Vivado/2020.2/bin/unwrapped/lnx64.o/xelab -wto 888e7af2256e47da8ca96fb35cbd6188 --incr --debug typical --relax --mt 8 -L xil_defaultlib -L unisims_ver -L unimacro_ver -L secureip --snapshot Systolic_Processor_tb_behav xil_defaultlib.Systolic_Processor_tb xil_defaultlib.glbl -log elaborate.log 
Using 8 slave threads.
Starting static elaboration
Pass Through NonSizing Optimizer
WARNING: [VRFC 10-3091] actual bit length 8 differs from formal bit length 9 for port 'out_exp1' [/home/spdy18695/workbench/CODES/Vivado_projects/Systolic_Array/Systolic_Array.srcs/sources_1/new/ProcessingElement_DATAPATH.v:138]
WARNING: [VRFC 10-3091] actual bit length 8 differs from formal bit length 9 for port 'out_exp2' [/home/spdy18695/workbench/CODES/Vivado_projects/Systolic_Array/Systolic_Array.srcs/sources_1/new/ProcessingElement_DATAPATH.v:139]
Completed static elaboration
INFO: [XSIM 43-4323] No Change in HDL. Linking previously generated obj files to create kernel
INFO: [USF-XSim-69] 'elaborate' step finished in '2' seconds
INFO: [USF-XSim-4] XSim::Simulate design
INFO: [USF-XSim-61] Executing 'SIMULATE' step in '/home/spdy18695/workbench/CODES/Vivado_projects/Systolic_Array/Systolic_Array.sim/sim_1/behav/xsim'
INFO: [USF-XSim-98] *** Running xsim
   with args "Systolic_Processor_tb_behav -key {Behavioral:sim_1:Functional:Systolic_Processor_tb} -tclbatch {Systolic_Processor_tb.tcl} -view {/home/spdy18695/workbench/CODES/Vivado_projects/Systolic_Array/Systolic_Array.srcs/sim_1/imports/Systolic_Array/Systolic_Array.srcs/top_BOOTH_tb_behav1.wcfg} -view {/home/spdy18695/workbench/CODES/Vivado_projects/Systolic_Array/Systolic_Array.srcs/sim_1/imports/Systolic_Array/roundunit_tb_behav.wcfg} -view {/home/spdy18695/workbench/CODES/Vivado_projects/Systolic_Array/Systolic_Array.srcs/sim_1/imports/Systolic_Array/Systolic_Processor_tb.wcfg} -log {simulate.log}"
INFO: [USF-XSim-8] Loading simulator feature
Vivado Simulator 2020.2
Time resolution is 1 ps
open_wave_config /home/spdy18695/workbench/CODES/Vivado_projects/Systolic_Array/Systolic_Array.srcs/sim_1/imports/Systolic_Array/Systolic_Array.srcs/top_BOOTH_tb_behav1.wcfg
WARNING: Simulation object /top_BOOTH_tb/clk was not found in the design.
WARNING: Simulation object /top_BOOTH_tb/start was not found in the design.
WARNING: Simulation object /top_BOOTH_tb/data_in1 was not found in the design.
WARNING: Simulation object /top_BOOTH_tb/data_in2 was not found in the design.
WARNING: Simulation object /top_BOOTH_tb/MUL_result was not found in the design.
WARNING: Simulation object /top_BOOTH_tb/done was not found in the design.
WARNING: Simulation object /top_BOOTH_tb/t0/CTRL/LdA was not found in the design.
WARNING: Simulation object /top_BOOTH_tb/t0/CTRL/clrA was not found in the design.
WARNING: Simulation object /top_BOOTH_tb/t0/CTRL/sftA was not found in the design.
WARNING: Simulation object /top_BOOTH_tb/t0/CTRL/LdQ was not found in the design.
WARNING: Simulation object /top_BOOTH_tb/t0/CTRL/clrQ was not found in the design.
WARNING: Simulation object /top_BOOTH_tb/t0/CTRL/sftQ was not found in the design.
WARNING: Simulation object /top_BOOTH_tb/t0/CTRL/clrff was not found in the design.
WARNING: Simulation object /top_BOOTH_tb/t0/CTRL/sftDff was not found in the design.
WARNING: Simulation object /top_BOOTH_tb/t0/CTRL/LdM was not found in the design.
WARNING: Simulation object /top_BOOTH_tb/t0/CTRL/clrM was not found in the design.
WARNING: Simulation object /top_BOOTH_tb/t0/CTRL/add_sub was not found in the design.
WARNING: Simulation object /top_BOOTH_tb/t0/CTRL/EnableALU was not found in the design.
WARNING: Simulation object /top_BOOTH_tb/t0/CTRL/decr was not found in the design.
WARNING: Simulation object /top_BOOTH_tb/t0/CTRL/LdCount was not found in the design.
WARNING: Simulation object /top_BOOTH_tb/t0/CTRL/done was not found in the design.
WARNING: Simulation object /top_BOOTH_tb/t0/CTRL/clk was not found in the design.
WARNING: Simulation object /top_BOOTH_tb/t0/CTRL/q0 was not found in the design.
WARNING: Simulation object /top_BOOTH_tb/t0/CTRL/qm1 was not found in the design.
WARNING: Simulation object /top_BOOTH_tb/t0/CTRL/start was not found in the design.
WARNING: Simulation object /top_BOOTH_tb/t0/CTRL/eqz was not found in the design.
WARNING: Simulation object /top_BOOTH_tb/t0/CTRL/state was not found in the design.
WARNING: Simulation object /top_BOOTH_tb/t0/DAT/q0 was not found in the design.
WARNING: Simulation object /top_BOOTH_tb/t0/DAT/qm1 was not found in the design.
WARNING: Simulation object /top_BOOTH_tb/t0/DAT/eqz was not found in the design.
WARNING: Simulation object /top_BOOTH_tb/t0/DAT/data_out was not found in the design.
WARNING: Simulation object /top_BOOTH_tb/t0/DAT/clk was not found in the design.
WARNING: Simulation object /top_BOOTH_tb/t0/DAT/LdA was not found in the design.
WARNING: Simulation object /top_BOOTH_tb/t0/DAT/clrA was not found in the design.
WARNING: Simulation object /top_BOOTH_tb/t0/DAT/sftA was not found in the design.
WARNING: Simulation object /top_BOOTH_tb/t0/DAT/REG_A/s_in was not found in the design.
WARNING: Simulation object /top_BOOTH_tb/t0/DAT/REG_A/data_in was not found in the design.
WARNING: Simulation object /top_BOOTH_tb/t0/DAT/REG_A/data_out was not found in the design.
WARNING: Simulation object /top_BOOTH_tb/t0/DAT/REG_Q/clk was not found in the design.
WARNING: Simulation object /top_BOOTH_tb/t0/DAT/REG_Q/Ld was not found in the design.
WARNING: Simulation object /top_BOOTH_tb/t0/DAT/REG_Q/clr was not found in the design.
WARNING: Simulation object /top_BOOTH_tb/t0/DAT/REG_Q/sft was not found in the design.
WARNING: Simulation object /top_BOOTH_tb/t0/DAT/REG_Q/s_in was not found in the design.
WARNING: Simulation object /top_BOOTH_tb/t0/DAT/REG_Q/LdCountValue was not found in the design.
WARNING: Simulation object /top_BOOTH_tb/t0/DAT/REG_Q/data_in2 was not found in the design.
WARNING: Simulation object /top_BOOTH_tb/t0/DAT/REG_Q/data_out was not found in the design.
WARNING: Simulation object /top_BOOTH_tb/t0/DAT/QM1/clk was not found in the design.
WARNING: Simulation object /top_BOOTH_tb/t0/DAT/QM1/clr was not found in the design.
WARNING: Simulation object /top_BOOTH_tb/t0/DAT/QM1/sft was not found in the design.
WARNING: Simulation object /top_BOOTH_tb/t0/DAT/QM1/d was not found in the design.
WARNING: Simulation object /top_BOOTH_tb/t0/DAT/QM1/q was not found in the design.
WARNING: Simulation object /top_BOOTH_tb/t0/DAT/REG_M/clk was not found in the design.
WARNING: Simulation object /top_BOOTH_tb/t0/DAT/REG_M/load was not found in the design.
WARNING: Simulation object /top_BOOTH_tb/t0/DAT/REG_M/clear was not found in the design.
WARNING: Simulation object /top_BOOTH_tb/t0/DAT/REG_M/data_in1 was not found in the design.
WARNING: Simulation object /top_BOOTH_tb/t0/DAT/REG_M/data_out was not found in the design.
WARNING: Simulation object /top_BOOTH_tb/t0/DAT/AL/EnableALU was not found in the design.
WARNING: Simulation object /top_BOOTH_tb/t0/DAT/AL/add_sub was not found in the design.
WARNING: Simulation object /top_BOOTH_tb/t0/DAT/AL/data_in1 was not found in the design.
WARNING: Simulation object /top_BOOTH_tb/t0/DAT/AL/data_in2 was not found in the design.
WARNING: Simulation object /top_BOOTH_tb/t0/DAT/AL/out was not found in the design.
WARNING: Simulation object /top_BOOTH_tb/t0/DAT/CN/clk was not found in the design.
WARNING: Simulation object /top_BOOTH_tb/t0/DAT/CN/Ld was not found in the design.
WARNING: Simulation object /top_BOOTH_tb/t0/DAT/CN/decr was not found in the design.
WARNING: Simulation object /top_BOOTH_tb/t0/DAT/CN/LdCountValue was not found in the design.
WARNING: Simulation object /top_BOOTH_tb/t0/DAT/CN/data_out was not found in the design.
open_wave_config /home/spdy18695/workbench/CODES/Vivado_projects/Systolic_Array/Systolic_Array.srcs/sim_1/imports/Systolic_Array/roundunit_tb_behav.wcfg
open_wave_config /home/spdy18695/workbench/CODES/Vivado_projects/Systolic_Array/Systolic_Array.srcs/sim_1/imports/Systolic_Array/Systolic_Processor_tb.wcfg
source Systolic_Processor_tb.tcl
# set curr_wave [current_wave_config]
# if { [string length $curr_wave] == 0 } {
#   if { [llength [get_objects]] > 0} {
#     add_wave /
#     set_property needs_save false [current_wave_config]
#   } else {
#      send_msg_id Add_Wave-1 WARNING "No top level signals found. Simulator will start without a wave window. If you want to open a wave window go to 'File->New Waveform Configuration' or type 'create_wave_config' in the TCL console."
#   }
# }
# run 1000ns
case default got executed!
case default got executed!
case default got executed!
case default got executed!
case default got executed!
case default got executed!
case default got executed!
case default got executed!
case default got executed!
case default got executed!
case default got executed!
case default got executed!
case default got executed!
case default got executed!
case default got executed!
case default got executed!
case default got executed!
INFO: [USF-XSim-96] XSim completed. Design snapshot 'Systolic_Processor_tb_behav' loaded.
INFO: [USF-XSim-97] XSim simulation ran for 1000ns
launch_simulation: Time (s): cpu = 00:00:17 ; elapsed = 00:00:08 . Memory (MB): peak = 7422.746 ; gain = 62.930 ; free physical = 5576 ; free virtual = 11419
run 5000 ns
case 10 got executed!
case 10 got executed!
case 10 got executed!
case 10 got executed!
case 10 got executed!
case 10 got executed!
case 10 got executed!
case 10 got executed!
case 10 got executed!
case 10 got executed!
case 10 got executed!
case 10 got executed!
case 10 got executed!
case 10 got executed!
case 10 got executed!
case 10 got executed!
case 10 got executed!
case 10 got executed!
case 10 got executed!
case 10 got executed!
case 10 got executed!
case 10 got executed!
case 10 got executed!
case 10 got executed!
case 10 got executed!
case 10 got executed!
case 10 got executed!
case 10 got executed!
case 10 got executed!
case 10 got executed!
case 10 got executed!
case 10 got executed!
case 10 got executed!
case 10 got executed!
case 10 got executed!
case 10 got executed!
case 10 got executed!
case 10 got executed!
case 10 got executed!
case 10 got executed!
case 11 got executed!
case 11 got executed!
case 11 got executed!
case 11 got executed!
case 11 got executed!
case 11 got executed!
case 11 got executed!
case 11 got executed!
case 11 got executed!
case 11 got executed!
case 11 got executed!
case 11 got executed!
case 11 got executed!
case 11 got executed!
case 11 got executed!
case 11 got executed!
case 11 got executed!
case 11 got executed!
case 11 got executed!
case 11 got executed!
case 11 got executed!
case 11 got executed!
case 11 got executed!
case 11 got executed!
case 11 got executed!
case 11 got executed!
case 11 got executed!
case 11 got executed!
case 11 got executed!
case 11 got executed!
case 11 got executed!
case 11 got executed!
case 11 got executed!
case 11 got executed!
case 11 got executed!
case 11 got executed!
case 11 got executed!
case 11 got executed!
case 11 got executed!
case 11 got executed!
case 11 got executed!
case 11 got executed!
case 11 got executed!
case 11 got executed!
case 11 got executed!
case 11 got executed!
case 11 got executed!
case 11 got executed!
case 11 got executed!
case 11 got executed!
case 11 got executed!
case 11 got executed!
case 11 got executed!
case 11 got executed!
case 11 got executed!
case 11 got executed!
case 11 got executed!
case 11 got executed!
case 11 got executed!
case 11 got executed!
case 11 got executed!
case 11 got executed!
case 11 got executed!
case 11 got executed!
case 11 got executed!
case 11 got executed!
case 11 got executed!
case 11 got executed!
case 11 got executed!
case 11 got executed!
case 11 got executed!
case 11 got executed!
case 11 got executed!
case 11 got executed!
case 11 got executed!
case 11 got executed!
case 11 got executed!
case 11 got executed!
case 11 got executed!
case 11 got executed!
case 11 got executed!
case 11 got executed!
case 11 got executed!
case 11 got executed!
case 11 got executed!
case 11 got executed!
case 11 got executed!
case 11 got executed!
case 11 got executed!
case 11 got executed!
case 11 got executed!
case 11 got executed!
case 11 got executed!
case 11 got executed!
case 11 got executed!
case 11 got executed!
case 11 got executed!
case 11 got executed!
case 11 got executed!
case 11 got executed!
case 11 got executed!
case 11 got executed!
case 11 got executed!
case 11 got executed!
case 11 got executed!
case 11 got executed!
case 11 got executed!
case 11 got executed!
case 11 got executed!
case 11 got executed!
case 11 got executed!
case 11 got executed!
case 11 got executed!
case 11 got executed!
case 11 got executed!
case 11 got executed!
case 11 got executed!
case 11 got executed!
case 11 got executed!
case 11 got executed!
case 11 got executed!
case 11 got executed!
case 11 got executed!
case 11 got executed!
case 11 got executed!
case 11 got executed!
case 11 got executed!
case 11 got executed!
case 11 got executed!
case 11 got executed!
case 11 got executed!
case 11 got executed!
case 11 got executed!
case 11 got executed!
case 11 got executed!
case 11 got executed!
case 11 got executed!
case 11 got executed!
case 11 got executed!
case 11 got executed!
case 11 got executed!
case 11 got executed!
case 11 got executed!
case 11 got executed!
case 11 got executed!
case 11 got executed!
case 11 got executed!
case 11 got executed!
case 11 got executed!
case 11 got executed!
case 11 got executed!
case 11 got executed!
case 11 got executed!
case 11 got executed!
case 11 got executed!
case 11 got executed!
case 11 got executed!
case 11 got executed!
case 11 got executed!
case 11 got executed!
case 11 got executed!
case 11 got executed!
case 11 got executed!
case 11 got executed!
case 11 got executed!
case 11 got executed!
case 11 got executed!
case 11 got executed!
case 11 got executed!
case 11 got executed!
case 11 got executed!
case 11 got executed!
case 11 got executed!
case 11 got executed!
case 11 got executed!
case 11 got executed!
case 11 got executed!
case 11 got executed!
case 11 got executed!
case 10 got executed!
case 10 got executed!
case 10 got executed!
case 10 got executed!
case 10 got executed!
case 10 got executed!
case 10 got executed!
case 10 got executed!
case 10 got executed!
case 10 got executed!
case 10 got executed!
case 10 got executed!
case 10 got executed!
case 10 got executed!
case 10 got executed!
case 10 got executed!
case 10 got executed!
case 10 got executed!
case 10 got executed!
case 10 got executed!
case 10 got executed!
case 10 got executed!
case 10 got executed!
case 10 got executed!
case 10 got executed!
case 10 got executed!
case 10 got executed!
case 10 got executed!
case 10 got executed!
case 10 got executed!
case 10 got executed!
case 10 got executed!
case 10 got executed!
case 10 got executed!
case 10 got executed!
case 10 got executed!
case 10 got executed!
case 10 got executed!
case 10 got executed!
case 10 got executed!
case 10 got executed!
case 10 got executed!
case 10 got executed!
case 10 got executed!
case 11 got executed!
case 11 got executed!
case 11 got executed!
case 11 got executed!
case 11 got executed!
case 11 got executed!
case 11 got executed!
case 11 got executed!
case 11 got executed!
case 11 got executed!
case 11 got executed!
case 11 got executed!
case 11 got executed!
case 11 got executed!
case 11 got executed!
case 11 got executed!
case 11 got executed!
case 11 got executed!
case 11 got executed!
case 11 got executed!
case 11 got executed!
case 11 got executed!
case 11 got executed!
case 11 got executed!
case 11 got executed!
case 11 got executed!
case 11 got executed!
case 11 got executed!
case 11 got executed!
case 11 got executed!
case 11 got executed!
case 11 got executed!
case 11 got executed!
case 11 got executed!
case 11 got executed!
case 11 got executed!
case 11 got executed!
case 11 got executed!
case 11 got executed!
case 11 got executed!
case 11 got executed!
case 11 got executed!
case 11 got executed!
case 11 got executed!
case 11 got executed!
case 11 got executed!
case 11 got executed!
case 11 got executed!
case 11 got executed!
case 11 got executed!
case 11 got executed!
case 11 got executed!
case 11 got executed!
case 11 got executed!
case 11 got executed!
case 11 got executed!
case 11 got executed!
case 11 got executed!
case 11 got executed!
case 11 got executed!
case 11 got executed!
case 11 got executed!
case 11 got executed!
case 11 got executed!
case 11 got executed!
case 11 got executed!
case 11 got executed!
case 11 got executed!
case 11 got executed!
case 11 got executed!
case 11 got executed!
case 11 got executed!
case 11 got executed!
case 11 got executed!
case 11 got executed!
case 11 got executed!
case 11 got executed!
case 11 got executed!
case 11 got executed!
case 11 got executed!
case 11 got executed!
case 11 got executed!
case 11 got executed!
case 11 got executed!
case 11 got executed!
case 11 got executed!
case 11 got executed!
case 11 got executed!
case 11 got executed!
case 11 got executed!
case 11 got executed!
case 11 got executed!
case 11 got executed!
case 11 got executed!
case 11 got executed!
case 11 got executed!
case 11 got executed!
case 11 got executed!
run 5000 ns
case 11 got executed!
case 11 got executed!
case 11 got executed!
case 11 got executed!
case 11 got executed!
case 11 got executed!
case 11 got executed!
case 11 got executed!
case 11 got executed!
case 11 got executed!
case 11 got executed!
case 11 got executed!
case 11 got executed!
case 11 got executed!
case 11 got executed!
case 11 got executed!
case 11 got executed!
case 11 got executed!
case 11 got executed!
case 11 got executed!
case 11 got executed!
case 11 got executed!
case 11 got executed!
case 11 got executed!
case 11 got executed!
case 11 got executed!
case 11 got executed!
case 11 got executed!
case 11 got executed!
case 11 got executed!
case 11 got executed!
case 11 got executed!
case 11 got executed!
case 11 got executed!
case 11 got executed!
case 11 got executed!
case 11 got executed!
case 11 got executed!
case 11 got executed!
case 11 got executed!
case 11 got executed!
case 11 got executed!
case 11 got executed!
case 11 got executed!
case 11 got executed!
case 11 got executed!
case 11 got executed!
case 11 got executed!
case 11 got executed!
case 11 got executed!
case 11 got executed!
case 11 got executed!
case 11 got executed!
case 11 got executed!
case 11 got executed!
case 11 got executed!
case 11 got executed!
case 11 got executed!
case 11 got executed!
case 11 got executed!
case 11 got executed!
case 11 got executed!
case 11 got executed!
case 11 got executed!
case 11 got executed!
case 11 got executed!
case 11 got executed!
case 11 got executed!
case 11 got executed!
case 11 got executed!
case 11 got executed!
case 11 got executed!
case 11 got executed!
case 11 got executed!
case 11 got executed!
case 11 got executed!
case 11 got executed!
case 11 got executed!
case 11 got executed!
case 11 got executed!
case 11 got executed!
case 10 got executed!
case 10 got executed!
case 10 got executed!
case 10 got executed!
case 10 got executed!
case 10 got executed!
case 10 got executed!
case 10 got executed!
case 10 got executed!
case 10 got executed!
case 10 got executed!
case 10 got executed!
case 10 got executed!
case 10 got executed!
case 10 got executed!
case 10 got executed!
case 10 got executed!
case 10 got executed!
case 10 got executed!
case 10 got executed!
case 10 got executed!
case 10 got executed!
case 10 got executed!
case 10 got executed!
case 10 got executed!
case 10 got executed!
case 10 got executed!
case 10 got executed!
case 10 got executed!
case 10 got executed!
case 10 got executed!
case 10 got executed!
case 10 got executed!
case 10 got executed!
case 10 got executed!
case 10 got executed!
case 10 got executed!
case 10 got executed!
case 10 got executed!
case 10 got executed!
case 10 got executed!
case 10 got executed!
case 10 got executed!
case 10 got executed!
case 11 got executed!
case 11 got executed!
case 11 got executed!
case 11 got executed!
case 11 got executed!
case 11 got executed!
case 11 got executed!
case 11 got executed!
case 11 got executed!
case 11 got executed!
case 11 got executed!
case 11 got executed!
case 11 got executed!
case 11 got executed!
case 11 got executed!
case 11 got executed!
case 11 got executed!
case 11 got executed!
case 11 got executed!
case 11 got executed!
case 11 got executed!
case 11 got executed!
case 11 got executed!
case 11 got executed!
case 11 got executed!
case 11 got executed!
case 11 got executed!
case 11 got executed!
case 11 got executed!
case 11 got executed!
case 11 got executed!
case 11 got executed!
case 11 got executed!
case 11 got executed!
case 11 got executed!
case 11 got executed!
case 11 got executed!
case 11 got executed!
case 11 got executed!
case 11 got executed!
case 11 got executed!
case 11 got executed!
case 11 got executed!
case 11 got executed!
case 11 got executed!
case 11 got executed!
case 11 got executed!
case 11 got executed!
case 11 got executed!
case 11 got executed!
case 11 got executed!
case 11 got executed!
case 11 got executed!
case 11 got executed!
case 11 got executed!
case 11 got executed!
case 11 got executed!
case 11 got executed!
case 11 got executed!
case 11 got executed!
case 11 got executed!
case 11 got executed!
case 11 got executed!
case 11 got executed!
case 11 got executed!
case 11 got executed!
case 11 got executed!
case 11 got executed!
case 11 got executed!
case 11 got executed!
case 11 got executed!
case 11 got executed!
case 11 got executed!
case 11 got executed!
case 11 got executed!
case 11 got executed!
case 11 got executed!
case 11 got executed!
case 11 got executed!
case 11 got executed!
case 11 got executed!
case 11 got executed!
case 11 got executed!
case 11 got executed!
case 11 got executed!
case 11 got executed!
case 11 got executed!
case 11 got executed!
case 11 got executed!
case 11 got executed!
case 11 got executed!
case 11 got executed!
case 11 got executed!
case 11 got executed!
case 11 got executed!
case 11 got executed!
case 11 got executed!
case 11 got executed!
case 11 got executed!
case 11 got executed!
case 11 got executed!
case 11 got executed!
case 11 got executed!
case 11 got executed!
case 11 got executed!
case 11 got executed!
case 11 got executed!
case 11 got executed!
case 11 got executed!
case 11 got executed!
case 11 got executed!
case 11 got executed!
case 11 got executed!
case 11 got executed!
case 11 got executed!
case 11 got executed!
case 11 got executed!
case 11 got executed!
case 11 got executed!
case 11 got executed!
case 11 got executed!
case 11 got executed!
case 11 got executed!
case 11 got executed!
case 11 got executed!
case 11 got executed!
case 11 got executed!
case 11 got executed!
case 11 got executed!
case 11 got executed!
case 11 got executed!
case 11 got executed!
case 11 got executed!
case 11 got executed!
case 11 got executed!
case 11 got executed!
case 11 got executed!
case 11 got executed!
case 11 got executed!
case 11 got executed!
case 11 got executed!
case 11 got executed!
case 11 got executed!
case 11 got executed!
case 11 got executed!
case 11 got executed!
case 11 got executed!
case 11 got executed!
case 11 got executed!
case 11 got executed!
case 11 got executed!
case 11 got executed!
case 11 got executed!
case 11 got executed!
case 11 got executed!
case 11 got executed!
case 11 got executed!
case 11 got executed!
case 11 got executed!
case 11 got executed!
case 11 got executed!
case 11 got executed!
case 11 got executed!
case 11 got executed!
case 11 got executed!
case 11 got executed!
case 11 got executed!
case 11 got executed!
case 11 got executed!
case 11 got executed!
case 11 got executed!
case 11 got executed!
case 11 got executed!
case 11 got executed!
case 11 got executed!
case 11 got executed!
case 11 got executed!
case 11 got executed!
case 11 got executed!
case 10 got executed!
case 10 got executed!
case 10 got executed!
case 10 got executed!
case 10 got executed!
case 10 got executed!
case 10 got executed!
case 10 got executed!
case 10 got executed!
case 10 got executed!
case 10 got executed!
case 10 got executed!
case 10 got executed!
case 10 got executed!
case 10 got executed!
case 10 got executed!
case 10 got executed!
case 10 got executed!
case 10 got executed!
case 10 got executed!
case 10 got executed!
case 10 got executed!
case 10 got executed!
case 10 got executed!
case 10 got executed!
case 10 got executed!
case 10 got executed!
case 10 got executed!
case 10 got executed!
case 10 got executed!
case 10 got executed!
case 10 got executed!
case 10 got executed!
case 10 got executed!
case 10 got executed!
case 10 got executed!
case 10 got executed!
case 10 got executed!
case 10 got executed!
case 10 got executed!
case 10 got executed!
case 10 got executed!
case 10 got executed!
case 10 got executed!
case 11 got executed!
case 11 got executed!
case 11 got executed!
case 11 got executed!
case 11 got executed!
case 11 got executed!
case 11 got executed!
case 11 got executed!
case 11 got executed!
case 11 got executed!
case 11 got executed!
case 11 got executed!
case 11 got executed!
case 11 got executed!
case 11 got executed!
case 11 got executed!
case 11 got executed!
case 11 got executed!
case 11 got executed!
case 11 got executed!
case 11 got executed!
case 11 got executed!
case 11 got executed!
case 11 got executed!
case 11 got executed!
case 11 got executed!
case 11 got executed!
case 11 got executed!
case 11 got executed!
case 11 got executed!
case 11 got executed!
case 11 got executed!
case 11 got executed!
case 11 got executed!
case 11 got executed!
case 11 got executed!
case 11 got executed!
case 11 got executed!
case 11 got executed!
case 11 got executed!
case 11 got executed!
case 11 got executed!
case 11 got executed!
case 11 got executed!
case 11 got executed!
case 11 got executed!
case 11 got executed!
case 11 got executed!
case 11 got executed!
case 11 got executed!
case 11 got executed!
case 11 got executed!
case 11 got executed!
case 11 got executed!
case 11 got executed!
case 11 got executed!
case 11 got executed!
case 11 got executed!
case 11 got executed!
case 11 got executed!
case 11 got executed!
case 11 got executed!
case 11 got executed!
case 11 got executed!
case 11 got executed!
case 11 got executed!
case 11 got executed!
case 11 got executed!
case 11 got executed!
case 11 got executed!
case 11 got executed!
case 11 got executed!
case 11 got executed!
case 11 got executed!
case 11 got executed!
case 11 got executed!
case 11 got executed!
case 11 got executed!
case 11 got executed!
case 11 got executed!
case 11 got executed!
case 11 got executed!
case 11 got executed!
case 11 got executed!
case 11 got executed!
case 11 got executed!
case 11 got executed!
case 11 got executed!
case 11 got executed!
case 11 got executed!
case 11 got executed!
case 11 got executed!
case 11 got executed!
case 11 got executed!
case 11 got executed!
case 11 got executed!
case 11 got executed!
case 11 got executed!
case 11 got executed!
case 11 got executed!
case 11 got executed!
case 11 got executed!
case 11 got executed!
case 11 got executed!
case 11 got executed!
case 11 got executed!
case 11 got executed!
case 11 got executed!
case 11 got executed!
case 11 got executed!
case 11 got executed!
case 11 got executed!
case 11 got executed!
case 11 got executed!
case 11 got executed!
case 11 got executed!
case 11 got executed!
case 11 got executed!
case 11 got executed!
case 11 got executed!
case 11 got executed!
case 11 got executed!
case 11 got executed!
case 11 got executed!
case 11 got executed!
case 11 got executed!
case 11 got executed!
case 11 got executed!
case 11 got executed!
case 11 got executed!
case 11 got executed!
case 11 got executed!
case 11 got executed!
case 11 got executed!
case 11 got executed!
case 11 got executed!
case 11 got executed!
case 11 got executed!
case 11 got executed!
case 11 got executed!
case 11 got executed!
case 11 got executed!
case 11 got executed!
case 11 got executed!
case 11 got executed!
case 11 got executed!
case 11 got executed!
case 11 got executed!
case 11 got executed!
case 11 got executed!
case 11 got executed!
case 11 got executed!
run 5000 ns
case 11 got executed!
case 11 got executed!
case 11 got executed!
case 11 got executed!
case 11 got executed!
case 11 got executed!
case 11 got executed!
case 11 got executed!
case 11 got executed!
case 11 got executed!
case 11 got executed!
case 11 got executed!
case 11 got executed!
case 11 got executed!
case 11 got executed!
case 11 got executed!
case 11 got executed!
case 11 got executed!
case 11 got executed!
case 11 got executed!
case 11 got executed!
case 11 got executed!
case 11 got executed!
case 11 got executed!
case 11 got executed!
case 11 got executed!
case 11 got executed!
case 10 got executed!
case 10 got executed!
case 10 got executed!
case 10 got executed!
case 00 got executed!
case 00 got executed!
case 00 got executed!
case 00 got executed!
case 00 got executed!
case 00 got executed!
case 00 got executed!
case 00 got executed!
case 00 got executed!
case 00 got executed!
case 00 got executed!
case 00 got executed!
case 00 got executed!
case 00 got executed!
case 00 got executed!
case 00 got executed!
case 00 got executed!
case 00 got executed!
case 00 got executed!
case 00 got executed!
case 00 got executed!
case 00 got executed!
case 00 got executed!
case 00 got executed!
case 00 got executed!
case 00 got executed!
case 00 got executed!
case 00 got executed!
case 00 got executed!
case 00 got executed!
case 00 got executed!
case 00 got executed!
case 00 got executed!
case 00 got executed!
case 00 got executed!
case 00 got executed!
case 00 got executed!
case 00 got executed!
case 00 got executed!
case 00 got executed!
case 00 got executed!
case 00 got executed!
case 00 got executed!
case 00 got executed!
case 00 got executed!
case 00 got executed!
case 00 got executed!
case 00 got executed!
case 00 got executed!
case 00 got executed!
case 00 got executed!
case 00 got executed!
case 00 got executed!
case 00 got executed!
case 00 got executed!
case 00 got executed!
case 00 got executed!
case 00 got executed!
case 00 got executed!
case 00 got executed!
case 00 got executed!
case 00 got executed!
case 00 got executed!
case 00 got executed!
case 00 got executed!
case 00 got executed!
case 00 got executed!
case 00 got executed!
case 00 got executed!
case 00 got executed!
case 00 got executed!
case 00 got executed!
case 00 got executed!
case 00 got executed!
case 00 got executed!
case 00 got executed!
case 00 got executed!
case 00 got executed!
case 00 got executed!
case 00 got executed!
case 00 got executed!
case 00 got executed!
case 00 got executed!
case 00 got executed!
case 00 got executed!
case 00 got executed!
case 00 got executed!
case 00 got executed!
case 00 got executed!
case 00 got executed!
case 00 got executed!
case 00 got executed!
case 00 got executed!
case 00 got executed!
case 00 got executed!
case 00 got executed!
case 00 got executed!
case 00 got executed!
case 00 got executed!
case 00 got executed!
case 00 got executed!
case 00 got executed!
case 00 got executed!
case 00 got executed!
case 00 got executed!
case 00 got executed!
case 00 got executed!
case 00 got executed!
case 00 got executed!
case 00 got executed!
case 00 got executed!
case 00 got executed!
case 00 got executed!
case 00 got executed!
case 00 got executed!
case 00 got executed!
case 00 got executed!
case 00 got executed!
case 00 got executed!
case 00 got executed!
case 00 got executed!
case 00 got executed!
case 00 got executed!
case 00 got executed!
case 00 got executed!
case 00 got executed!
case 00 got executed!
case 00 got executed!
case 00 got executed!
case 00 got executed!
case 00 got executed!
case 00 got executed!
case 00 got executed!
case 00 got executed!
case 00 got executed!
case 00 got executed!
case 00 got executed!
case 00 got executed!
case 00 got executed!
case 00 got executed!
case 00 got executed!
case 00 got executed!
case 00 got executed!
case 00 got executed!
case 00 got executed!
case 00 got executed!
case 00 got executed!
case 00 got executed!
case 00 got executed!
case 00 got executed!
case 00 got executed!
case 00 got executed!
case 00 got executed!
case 00 got executed!
case 00 got executed!
case 00 got executed!
case 00 got executed!
case 00 got executed!
case 00 got executed!
case 00 got executed!
case 00 got executed!
case 00 got executed!
case 00 got executed!
case 00 got executed!
case 00 got executed!
case 00 got executed!
case 00 got executed!
case 00 got executed!
case 00 got executed!
case 00 got executed!
case 00 got executed!
case 00 got executed!
case 00 got executed!
case 00 got executed!
case 00 got executed!
case 00 got executed!
case 00 got executed!
case 00 got executed!
case 00 got executed!
case 00 got executed!
case 00 got executed!
case 00 got executed!
case 00 got executed!
case 00 got executed!
case 00 got executed!
case 00 got executed!
case 00 got executed!
case 00 got executed!
case 00 got executed!
case 00 got executed!
case 00 got executed!
case 00 got executed!
case 00 got executed!
case 00 got executed!
case 00 got executed!
case 00 got executed!
case 00 got executed!
case 00 got executed!
case 00 got executed!
case 00 got executed!
case 00 got executed!
case 00 got executed!
case 00 got executed!
case 00 got executed!
case 00 got executed!
case 00 got executed!
case 00 got executed!
case 00 got executed!
case 00 got executed!
case 00 got executed!
case 00 got executed!
case 00 got executed!
case 00 got executed!
case 00 got executed!
case 00 got executed!
case 00 got executed!
case 00 got executed!
case 00 got executed!
case 00 got executed!
case 00 got executed!
case 00 got executed!
case 00 got executed!
case 00 got executed!
case 00 got executed!
case 00 got executed!
case 00 got executed!
case 00 got executed!
case 00 got executed!
case 00 got executed!
case 00 got executed!
case 00 got executed!
case 00 got executed!
case 00 got executed!
case 00 got executed!
case 00 got executed!
case 00 got executed!
case 00 got executed!
case 00 got executed!
case 00 got executed!
case 00 got executed!
case 00 got executed!
case 00 got executed!
case 00 got executed!
case 00 got executed!
case 00 got executed!
case 00 got executed!
run 5000 ns
case 00 got executed!
case 00 got executed!
case 00 got executed!
case 00 got executed!
case 00 got executed!
case 00 got executed!
case 00 got executed!
case 00 got executed!
case 00 got executed!
case 00 got executed!
case 00 got executed!
case 00 got executed!
case 00 got executed!
case 00 got executed!
case 00 got executed!
case 00 got executed!
case 00 got executed!
case 00 got executed!
case 00 got executed!
case 00 got executed!
case 00 got executed!
case 00 got executed!
case 00 got executed!
case 00 got executed!
case 00 got executed!
case 00 got executed!
case 00 got executed!
case 00 got executed!
case 00 got executed!
case 00 got executed!
case 00 got executed!
case 00 got executed!
case 00 got executed!
case 00 got executed!
case 00 got executed!
case 00 got executed!
case 00 got executed!
case 00 got executed!
case 00 got executed!
case 00 got executed!
case 00 got executed!
case 00 got executed!
case 00 got executed!
case 00 got executed!
case 00 got executed!
case 00 got executed!
case 00 got executed!
case 00 got executed!
case 00 got executed!
case 00 got executed!
case 00 got executed!
case 00 got executed!
case 00 got executed!
case 00 got executed!
case 00 got executed!
case 00 got executed!
case 00 got executed!
case 00 got executed!
case 00 got executed!
case 00 got executed!
case 00 got executed!
case 00 got executed!
case 00 got executed!
case 00 got executed!
case 00 got executed!
case 00 got executed!
case 00 got executed!
case 00 got executed!
case 00 got executed!
case 00 got executed!
case 00 got executed!
case 00 got executed!
case 00 got executed!
case 00 got executed!
case 00 got executed!
case 00 got executed!
case 00 got executed!
case 00 got executed!
case 00 got executed!
case 00 got executed!
case 00 got executed!
case 00 got executed!
case 00 got executed!
case 00 got executed!
case 00 got executed!
case 00 got executed!
case 00 got executed!
case 00 got executed!
case 00 got executed!
case 00 got executed!
case 00 got executed!
case 00 got executed!
case 00 got executed!
case 00 got executed!
case 00 got executed!
case 00 got executed!
case 00 got executed!
case 00 got executed!
case 00 got executed!
case 00 got executed!
case 00 got executed!
case 00 got executed!
case 00 got executed!
case 00 got executed!
case 00 got executed!
case 00 got executed!
case 00 got executed!
case 00 got executed!
case 00 got executed!
case 00 got executed!
case 00 got executed!
case 00 got executed!
case 00 got executed!
case 00 got executed!
case 00 got executed!
case 00 got executed!
case 00 got executed!
case 00 got executed!
case 00 got executed!
case 00 got executed!
case 00 got executed!
case 00 got executed!
case 00 got executed!
case 00 got executed!
case 00 got executed!
case 00 got executed!
case 00 got executed!
case 00 got executed!
case 00 got executed!
case 00 got executed!
case 00 got executed!
case 00 got executed!
case 00 got executed!
case 00 got executed!
case 00 got executed!
case 00 got executed!
case 00 got executed!
case 00 got executed!
case 00 got executed!
case 00 got executed!
case 00 got executed!
case 00 got executed!
case 00 got executed!
case 00 got executed!
case 00 got executed!
case 00 got executed!
case 00 got executed!
case 00 got executed!
case 00 got executed!
case 00 got executed!
case 00 got executed!
case 00 got executed!
case 00 got executed!
case 00 got executed!
case 00 got executed!
case 00 got executed!
case 00 got executed!
case 00 got executed!
case 00 got executed!
case 00 got executed!
case 00 got executed!
case 00 got executed!
case 00 got executed!
case 00 got executed!
case 00 got executed!
case 00 got executed!
case 00 got executed!
case 00 got executed!
case 00 got executed!
case 00 got executed!
case 00 got executed!
case 00 got executed!
case 00 got executed!
case 00 got executed!
case 00 got executed!
case 00 got executed!
case 00 got executed!
case 00 got executed!
case 00 got executed!
case 00 got executed!
case 00 got executed!
case 00 got executed!
case 00 got executed!
case 00 got executed!
case 00 got executed!
case 00 got executed!
case 00 got executed!
case 00 got executed!
case 00 got executed!
case 00 got executed!
case 00 got executed!
case 00 got executed!
case 00 got executed!
case 00 got executed!
case 00 got executed!
case 00 got executed!
case 00 got executed!
case 00 got executed!
case 00 got executed!
case 00 got executed!
case 00 got executed!
case 00 got executed!
case 00 got executed!
case 00 got executed!
case 00 got executed!
case 00 got executed!
case 00 got executed!
case 00 got executed!
case 00 got executed!
case 00 got executed!
case 00 got executed!
case 00 got executed!
case 00 got executed!
case 00 got executed!
case 00 got executed!
case 00 got executed!
case 00 got executed!
case 00 got executed!
case 00 got executed!
case 00 got executed!
case 00 got executed!
case 00 got executed!
case 00 got executed!
case 00 got executed!
case 00 got executed!
case 00 got executed!
case 00 got executed!
case 00 got executed!
case 00 got executed!
case 00 got executed!
case 00 got executed!
case 00 got executed!
case 00 got executed!
case 00 got executed!
case 00 got executed!
case 00 got executed!
case 00 got executed!
case 00 got executed!
case 00 got executed!
case 00 got executed!
case 00 got executed!
case 00 got executed!
case 00 got executed!
case 00 got executed!
case 00 got executed!
case 00 got executed!
case 00 got executed!
case 00 got executed!
case 00 got executed!
case 00 got executed!
case 00 got executed!
case 00 got executed!
case 00 got executed!
case 00 got executed!
case 00 got executed!
case 00 got executed!
case 00 got executed!
case 00 got executed!
case 00 got executed!
case 00 got executed!
case 00 got executed!
case 00 got executed!
case 00 got executed!
case 00 got executed!
case 00 got executed!
case 00 got executed!
case 00 got executed!
case 00 got executed!
case 00 got executed!
case 00 got executed!
case 00 got executed!
case 00 got executed!
case 00 got executed!
case 00 got executed!
case 00 got executed!
case 00 got executed!
case 00 got executed!
case 00 got executed!
case 00 got executed!
case 00 got executed!
case 00 got executed!
case 00 got executed!
case 00 got executed!
case 00 got executed!
case 00 got executed!
case 00 got executed!
case 00 got executed!
case 00 got executed!
case 00 got executed!
case 00 got executed!
case 00 got executed!
case 00 got executed!
case 00 got executed!
case 00 got executed!
case 00 got executed!
case 00 got executed!
case 00 got executed!
case 00 got executed!
case 00 got executed!
case 00 got executed!
case 00 got executed!
case 00 got executed!
case 00 got executed!
case 00 got executed!
case 00 got executed!
case 00 got executed!
case 00 got executed!
case 00 got executed!
case 00 got executed!
case 00 got executed!
case 00 got executed!
case 00 got executed!
case 00 got executed!
case 00 got executed!
case 00 got executed!
case 00 got executed!
case 00 got executed!
case 00 got executed!
case 00 got executed!
case 00 got executed!
case 00 got executed!
case 00 got executed!
case 00 got executed!
case 00 got executed!
case 00 got executed!
case 00 got executed!
case 00 got executed!
case 00 got executed!
case 00 got executed!
case 00 got executed!
case 00 got executed!
case 00 got executed!
case 00 got executed!
case 00 got executed!
case 00 got executed!
case 00 got executed!
case 00 got executed!
case 00 got executed!
case 00 got executed!
case 00 got executed!
case 00 got executed!
case 00 got executed!
case 00 got executed!
case 00 got executed!
case 00 got executed!
case 00 got executed!
case 00 got executed!
case 00 got executed!
case 00 got executed!
case 00 got executed!
case 00 got executed!
case 00 got executed!
case 00 got executed!
case 00 got executed!
case 00 got executed!
case 00 got executed!
case 00 got executed!
case 00 got executed!
case 00 got executed!
case 00 got executed!
case 00 got executed!
case 00 got executed!
case 00 got executed!
case 00 got executed!
case 00 got executed!
case 00 got executed!
case 00 got executed!
case 00 got executed!
case 00 got executed!
case 00 got executed!
case 00 got executed!
case 00 got executed!
case 00 got executed!
case 00 got executed!
case 00 got executed!
case 00 got executed!
case 00 got executed!
case 00 got executed!
case 00 got executed!
case 00 got executed!
case 00 got executed!
case 00 got executed!
case 00 got executed!
case 00 got executed!
case 00 got executed!
case 00 got executed!
case 00 got executed!
case 00 got executed!
case 00 got executed!
case 00 got executed!
case 00 got executed!
case 00 got executed!
case 00 got executed!
case 00 got executed!
case 00 got executed!
case 00 got executed!
case 00 got executed!
case 00 got executed!
case 00 got executed!
case 00 got executed!
case 00 got executed!
case 00 got executed!
case 00 got executed!
case 00 got executed!
case 00 got executed!
case 00 got executed!
case 00 got executed!
case 00 got executed!
case 00 got executed!
case 00 got executed!
case 00 got executed!
case 00 got executed!
case 00 got executed!
case 00 got executed!
case 00 got executed!
case 00 got executed!
case 00 got executed!
case 00 got executed!
case 00 got executed!
case 00 got executed!
case 00 got executed!
case 00 got executed!
case 00 got executed!
case 00 got executed!
case 00 got executed!
case 00 got executed!
case 00 got executed!
case 00 got executed!
case 00 got executed!
case 00 got executed!
case 00 got executed!
case 00 got executed!
case 00 got executed!
case 00 got executed!
case 00 got executed!
case 00 got executed!
case 00 got executed!
case 00 got executed!
case 00 got executed!
case 00 got executed!
case 00 got executed!
case 00 got executed!
case 00 got executed!
case 00 got executed!
case 00 got executed!
case 00 got executed!
case 00 got executed!
case 00 got executed!
case 00 got executed!
case 00 got executed!
case 00 got executed!
case 00 got executed!
case 00 got executed!
case 00 got executed!
case 00 got executed!
case 00 got executed!
case 00 got executed!
case 00 got executed!
case 00 got executed!
case 00 got executed!
case 00 got executed!
case 00 got executed!
case 00 got executed!
case 00 got executed!
case 00 got executed!
case 00 got executed!
case 00 got executed!
case 00 got executed!
case 00 got executed!
case 00 got executed!
case 00 got executed!
case 00 got executed!
case 00 got executed!
case 00 got executed!
case 00 got executed!
case 00 got executed!
case 00 got executed!
case 00 got executed!
case 00 got executed!
case 00 got executed!
case 00 got executed!
case 00 got executed!
case 00 got executed!
case 00 got executed!
case 00 got executed!
case 00 got executed!
case 00 got executed!
case 00 got executed!
case 00 got executed!
case 00 got executed!
case 00 got executed!
case 00 got executed!
case 00 got executed!
case 00 got executed!
case 00 got executed!
case 00 got executed!
case 00 got executed!
case 00 got executed!
case 00 got executed!
case 00 got executed!
run 5000 ns
case 00 got executed!
case 00 got executed!
case 00 got executed!
case 00 got executed!
case 00 got executed!
case 00 got executed!
case 00 got executed!
case 00 got executed!
case 00 got executed!
case 00 got executed!
case 00 got executed!
case 00 got executed!
case 00 got executed!
case 00 got executed!
case 00 got executed!
case 00 got executed!
case 00 got executed!
case 00 got executed!
case 00 got executed!
case 00 got executed!
case 00 got executed!
case 00 got executed!
case 00 got executed!
case 00 got executed!
case 00 got executed!
case 00 got executed!
case 00 got executed!
case 00 got executed!
case 00 got executed!
case 00 got executed!
case 00 got executed!
case 00 got executed!
case 00 got executed!
case 00 got executed!
case 00 got executed!
case 00 got executed!
case 00 got executed!
case 00 got executed!
case 00 got executed!
case 00 got executed!
case 00 got executed!
case 00 got executed!
case 00 got executed!
case 00 got executed!
case 00 got executed!
case 00 got executed!
case 00 got executed!
case 00 got executed!
case 00 got executed!
case 00 got executed!
case 00 got executed!
case 00 got executed!
case 00 got executed!
case 00 got executed!
case 00 got executed!
case 00 got executed!
case 00 got executed!
case 00 got executed!
case 00 got executed!
case 00 got executed!
case 00 got executed!
case 00 got executed!
case 00 got executed!
case 00 got executed!
case 00 got executed!
case 00 got executed!
case 00 got executed!
case 00 got executed!
case 00 got executed!
case 00 got executed!
case 00 got executed!
case 00 got executed!
case 00 got executed!
case 00 got executed!
case 00 got executed!
case 00 got executed!
case 00 got executed!
case 00 got executed!
case 00 got executed!
case 00 got executed!
case 00 got executed!
case 00 got executed!
case 00 got executed!
case 00 got executed!
case 00 got executed!
case 00 got executed!
case 00 got executed!
case 00 got executed!
case 00 got executed!
case 00 got executed!
case 00 got executed!
case 00 got executed!
case 00 got executed!
case 00 got executed!
case 00 got executed!
case 00 got executed!
case 00 got executed!
case 00 got executed!
case 00 got executed!
case 00 got executed!
case 00 got executed!
case 00 got executed!
case 00 got executed!
case 00 got executed!
case 00 got executed!
case 00 got executed!
case 00 got executed!
case 00 got executed!
case 00 got executed!
case 00 got executed!
case 00 got executed!
case 00 got executed!
case 00 got executed!
case 00 got executed!
case 00 got executed!
case 00 got executed!
case 00 got executed!
case 00 got executed!
case 00 got executed!
case 00 got executed!
case 00 got executed!
case 00 got executed!
case 00 got executed!
case 00 got executed!
case 00 got executed!
case 00 got executed!
case 00 got executed!
case 00 got executed!
case 00 got executed!
case 00 got executed!
case 00 got executed!
case 00 got executed!
case 00 got executed!
case 00 got executed!
case 00 got executed!
case 00 got executed!
case 00 got executed!
case 00 got executed!
case 00 got executed!
case 00 got executed!
case 00 got executed!
case 00 got executed!
case 00 got executed!
case 00 got executed!
case 00 got executed!
case 00 got executed!
case 00 got executed!
case 00 got executed!
case 00 got executed!
case 00 got executed!
case 00 got executed!
case 00 got executed!
case 00 got executed!
case 00 got executed!
case 00 got executed!
case 00 got executed!
case 00 got executed!
case 00 got executed!
case 00 got executed!
case 00 got executed!
case 00 got executed!
case 00 got executed!
case 00 got executed!
case 00 got executed!
case 00 got executed!
case 00 got executed!
case 00 got executed!
case 00 got executed!
case 00 got executed!
case 00 got executed!
case 00 got executed!
case 00 got executed!
case 00 got executed!
case 00 got executed!
case 00 got executed!
case 00 got executed!
case 00 got executed!
case 00 got executed!
case 00 got executed!
case 00 got executed!
case 00 got executed!
case 00 got executed!
case 00 got executed!
case 00 got executed!
case 00 got executed!
case 00 got executed!
case 00 got executed!
case 00 got executed!
case 00 got executed!
case 00 got executed!
case 00 got executed!
case 00 got executed!
case 00 got executed!
case 00 got executed!
case 00 got executed!
case 00 got executed!
case 00 got executed!
case 00 got executed!
case 00 got executed!
case 00 got executed!
case 00 got executed!
case 00 got executed!
case 00 got executed!
case 00 got executed!
case 00 got executed!
case 00 got executed!
case 00 got executed!
case 00 got executed!
case 00 got executed!
case 00 got executed!
case 00 got executed!
case 00 got executed!
case 00 got executed!
case 00 got executed!
case 00 got executed!
case 00 got executed!
case 00 got executed!
case 00 got executed!
case 00 got executed!
case 00 got executed!
case 00 got executed!
case 00 got executed!
case 00 got executed!
case 00 got executed!
case 00 got executed!
case 00 got executed!
case 00 got executed!
case 00 got executed!
case 00 got executed!
$finish called at time : 23300 ns : File "/home/spdy18695/workbench/CODES/Vivado_projects/Systolic_Array/Systolic_Array.srcs/sim_1/new/Systolic_Processor_tb.v" Line 513
relaunch_sim
suspend_sim: Time (s): cpu = 00:00:04 ; elapsed = 00:00:13 . Memory (MB): peak = 7587.109 ; gain = 0.000 ; free physical = 3596 ; free virtual = 10455
Command: launch_simulation -simset sim_1 -mode behavioral
INFO: [Vivado 12-5682] Launching behavioral simulation in '/home/spdy18695/workbench/CODES/Vivado_projects/Systolic_Array/Systolic_Array.sim/sim_1/behav/xsim'
INFO: [SIM-utils-51] Simulation object is 'sim_1'
INFO: [SIM-utils-54] Inspecting design source files for 'Systolic_Processor_tb' in fileset 'sim_1'...
INFO: [USF-XSim-97] Finding global include files...
INFO: [USF-XSim-98] Fetching design files from 'sim_1'...
INFO: [USF-XSim-2] XSim::Compile design
INFO: [USF-XSim-61] Executing 'COMPILE and ANALYZE' step in '/home/spdy18695/workbench/CODES/Vivado_projects/Systolic_Array/Systolic_Array.sim/sim_1/behav/xsim'
xvlog --incr --relax -prj Systolic_Processor_tb_vlog.prj
INFO: [VRFC 10-2263] Analyzing Verilog file "/home/spdy18695/workbench/CODES/Vivado_projects/Systolic_Array/Systolic_Array.srcs/sources_1/new/ALU.v" into library xil_defaultlib
INFO: [VRFC 10-311] analyzing module ALU
INFO: [VRFC 10-2263] Analyzing Verilog file "/home/spdy18695/workbench/CODES/Vivado_projects/Systolic_Array/Systolic_Array.srcs/sources_1/new/COUNTER.v" into library xil_defaultlib
INFO: [VRFC 10-311] analyzing module COUNTER
INFO: [VRFC 10-2263] Analyzing Verilog file "/home/spdy18695/workbench/CODES/Vivado_projects/Systolic_Array/Systolic_Array.srcs/sources_1/new/DFF.v" into library xil_defaultlib
INFO: [VRFC 10-311] analyzing module DFF
INFO: [VRFC 10-2263] Analyzing Verilog file "/home/spdy18695/workbench/CODES/Vivado_projects/Systolic_Array/Systolic_Array.srcs/sources_1/new/IN_EXP_PIPO.v" into library xil_defaultlib
INFO: [VRFC 10-311] analyzing module IN_EXP_PIPO
INFO: [VRFC 10-2263] Analyzing Verilog file "/home/spdy18695/workbench/CODES/Vivado_projects/Systolic_Array/Systolic_Array.srcs/sources_1/new/PIPO.v" into library xil_defaultlib
INFO: [VRFC 10-311] analyzing module PIPO
INFO: [VRFC 10-2263] Analyzing Verilog file "/home/spdy18695/workbench/CODES/Vivado_projects/Systolic_Array/Systolic_Array.srcs/sources_1/new/ProcessingElement_CONTROLLER.v" into library xil_defaultlib
INFO: [VRFC 10-311] analyzing module ProcessingElement_CONTROLLER
INFO: [VRFC 10-2263] Analyzing Verilog file "/home/spdy18695/workbench/CODES/Vivado_projects/Systolic_Array/Systolic_Array.srcs/sources_1/new/ProcessingElement_DATAPATH.v" into library xil_defaultlib
INFO: [VRFC 10-311] analyzing module ProcessingElement_DATAPATH
INFO: [VRFC 10-2263] Analyzing Verilog file "/home/spdy18695/workbench/CODES/Vivado_projects/Systolic_Array/Systolic_Array.srcs/sources_1/new/RESULT_PIPO.v" into library xil_defaultlib
INFO: [VRFC 10-311] analyzing module RESULT_PIPO
INFO: [VRFC 10-2263] Analyzing Verilog file "/home/spdy18695/workbench/CODES/Vivado_projects/Systolic_Array/Systolic_Array.srcs/sources_1/new/RoundExp.v" into library xil_defaultlib
INFO: [VRFC 10-311] analyzing module RoundExp
INFO: [VRFC 10-2263] Analyzing Verilog file "/home/spdy18695/workbench/CODES/Vivado_projects/Systolic_Array/Systolic_Array.srcs/sources_1/new/SHIFTREG1.v" into library xil_defaultlib
INFO: [VRFC 10-311] analyzing module SHIFTREG1
INFO: [VRFC 10-2263] Analyzing Verilog file "/home/spdy18695/workbench/CODES/Vivado_projects/Systolic_Array/Systolic_Array.srcs/sources_1/new/SHIFTREG2.v" into library xil_defaultlib
INFO: [VRFC 10-311] analyzing module SHIFTREG2
INFO: [VRFC 10-2263] Analyzing Verilog file "/home/spdy18695/workbench/CODES/Vivado_projects/Systolic_Array/Systolic_Array.srcs/sources_1/new/Systolic_Processor.v" into library xil_defaultlib
INFO: [VRFC 10-311] analyzing module Systolic_Processor
INFO: [VRFC 10-2263] Analyzing Verilog file "/home/spdy18695/workbench/CODES/Vivado_projects/Systolic_Array/Systolic_Array.srcs/sources_1/new/accumulator_unit.v" into library xil_defaultlib
INFO: [VRFC 10-311] analyzing module accumulator_unit
ERROR: [VRFC 10-4982] syntax error near 'else' [/home/spdy18695/workbench/CODES/Vivado_projects/Systolic_Array/Systolic_Array.srcs/sources_1/new/accumulator_unit.v:265]
ERROR: [VRFC 10-2790] Verilog 2000 keyword else used in incorrect context [/home/spdy18695/workbench/CODES/Vivado_projects/Systolic_Array/Systolic_Array.srcs/sources_1/new/accumulator_unit.v:265]
ERROR: [VRFC 10-4982] syntax error near ''' [/home/spdy18695/workbench/CODES/Vivado_projects/Systolic_Array/Systolic_Array.srcs/sources_1/new/accumulator_unit.v:382]
ERROR: [VRFC 10-4982] syntax error near '=' [/home/spdy18695/workbench/CODES/Vivado_projects/Systolic_Array/Systolic_Array.srcs/sources_1/new/accumulator_unit.v:395]
ERROR: [VRFC 10-4982] syntax error near 'else' [/home/spdy18695/workbench/CODES/Vivado_projects/Systolic_Array/Systolic_Array.srcs/sources_1/new/accumulator_unit.v:400]
ERROR: [VRFC 10-2790] Verilog 2000 keyword else used in incorrect context [/home/spdy18695/workbench/CODES/Vivado_projects/Systolic_Array/Systolic_Array.srcs/sources_1/new/accumulator_unit.v:400]
ERROR: [VRFC 10-4982] syntax error near 'end' [/home/spdy18695/workbench/CODES/Vivado_projects/Systolic_Array/Systolic_Array.srcs/sources_1/new/accumulator_unit.v:403]
ERROR: [VRFC 10-2790] Verilog 2000 keyword end used in incorrect context [/home/spdy18695/workbench/CODES/Vivado_projects/Systolic_Array/Systolic_Array.srcs/sources_1/new/accumulator_unit.v:403]
ERROR: [VRFC 10-4982] syntax error near '=' [/home/spdy18695/workbench/CODES/Vivado_projects/Systolic_Array/Systolic_Array.srcs/sources_1/new/accumulator_unit.v:405]
ERROR: [VRFC 10-4982] syntax error near 'else' [/home/spdy18695/workbench/CODES/Vivado_projects/Systolic_Array/Systolic_Array.srcs/sources_1/new/accumulator_unit.v:410]
ERROR: [VRFC 10-2790] Verilog 2000 keyword else used in incorrect context [/home/spdy18695/workbench/CODES/Vivado_projects/Systolic_Array/Systolic_Array.srcs/sources_1/new/accumulator_unit.v:410]
ERROR: [VRFC 10-4982] syntax error near 'end' [/home/spdy18695/workbench/CODES/Vivado_projects/Systolic_Array/Systolic_Array.srcs/sources_1/new/accumulator_unit.v:421]
ERROR: [VRFC 10-2790] Verilog 2000 keyword end used in incorrect context [/home/spdy18695/workbench/CODES/Vivado_projects/Systolic_Array/Systolic_Array.srcs/sources_1/new/accumulator_unit.v:421]
ERROR: [VRFC 10-2989] 'matissa' is not declared [/home/spdy18695/workbench/CODES/Vivado_projects/Systolic_Array/Systolic_Array.srcs/sources_1/new/accumulator_unit.v:382]
ERROR: [VRFC 10-2989] 'mantisaa' is not declared [/home/spdy18695/workbench/CODES/Vivado_projects/Systolic_Array/Systolic_Array.srcs/sources_1/new/accumulator_unit.v:387]
ERROR: [VRFC 10-2989] 'exponet' is not declared [/home/spdy18695/workbench/CODES/Vivado_projects/Systolic_Array/Systolic_Array.srcs/sources_1/new/accumulator_unit.v:401]
ERROR: [VRFC 10-2989] 'exponnet' is not declared [/home/spdy18695/workbench/CODES/Vivado_projects/Systolic_Array/Systolic_Array.srcs/sources_1/new/accumulator_unit.v:407]
ERROR: [VRFC 10-2865] module 'accumulator_unit' ignored due to previous errors [/home/spdy18695/workbench/CODES/Vivado_projects/Systolic_Array/Systolic_Array.srcs/sources_1/new/accumulator_unit.v:24]
INFO: [USF-XSim-69] 'compile' step finished in '1' seconds
INFO: [USF-XSim-99] Step results log file:'/home/spdy18695/workbench/CODES/Vivado_projects/Systolic_Array/Systolic_Array.sim/sim_1/behav/xsim/xvlog.log'
ERROR: [USF-XSim-62] 'compile' step failed with error(s). Please check the Tcl console output or '/home/spdy18695/workbench/CODES/Vivado_projects/Systolic_Array/Systolic_Array.sim/sim_1/behav/xsim/xvlog.log' file for more information.
ERROR: [Vivado 12-4473] Detected error while running simulation. Please correct the issue and retry this operation.
ERROR: [Common 17-39] 'launch_simulation' failed due to earlier errors.
ERROR: [Common 17-69] Command failed: ERROR: [Common 17-39] 'launch_simulation' failed due to earlier errors.

relaunch_sim
Command: launch_simulation -simset sim_1 -mode behavioral
INFO: [Vivado 12-5682] Launching behavioral simulation in '/home/spdy18695/workbench/CODES/Vivado_projects/Systolic_Array/Systolic_Array.sim/sim_1/behav/xsim'
INFO: [SIM-utils-51] Simulation object is 'sim_1'
INFO: [SIM-utils-54] Inspecting design source files for 'Systolic_Processor_tb' in fileset 'sim_1'...
INFO: [USF-XSim-97] Finding global include files...
INFO: [USF-XSim-98] Fetching design files from 'sim_1'...
INFO: [USF-XSim-2] XSim::Compile design
INFO: [USF-XSim-61] Executing 'COMPILE and ANALYZE' step in '/home/spdy18695/workbench/CODES/Vivado_projects/Systolic_Array/Systolic_Array.sim/sim_1/behav/xsim'
xvlog --incr --relax -prj Systolic_Processor_tb_vlog.prj
INFO: [VRFC 10-2263] Analyzing Verilog file "/home/spdy18695/workbench/CODES/Vivado_projects/Systolic_Array/Systolic_Array.srcs/sources_1/new/ALU.v" into library xil_defaultlib
INFO: [VRFC 10-311] analyzing module ALU
INFO: [VRFC 10-2263] Analyzing Verilog file "/home/spdy18695/workbench/CODES/Vivado_projects/Systolic_Array/Systolic_Array.srcs/sources_1/new/COUNTER.v" into library xil_defaultlib
INFO: [VRFC 10-311] analyzing module COUNTER
INFO: [VRFC 10-2263] Analyzing Verilog file "/home/spdy18695/workbench/CODES/Vivado_projects/Systolic_Array/Systolic_Array.srcs/sources_1/new/DFF.v" into library xil_defaultlib
INFO: [VRFC 10-311] analyzing module DFF
INFO: [VRFC 10-2263] Analyzing Verilog file "/home/spdy18695/workbench/CODES/Vivado_projects/Systolic_Array/Systolic_Array.srcs/sources_1/new/IN_EXP_PIPO.v" into library xil_defaultlib
INFO: [VRFC 10-311] analyzing module IN_EXP_PIPO
INFO: [VRFC 10-2263] Analyzing Verilog file "/home/spdy18695/workbench/CODES/Vivado_projects/Systolic_Array/Systolic_Array.srcs/sources_1/new/PIPO.v" into library xil_defaultlib
INFO: [VRFC 10-311] analyzing module PIPO
INFO: [VRFC 10-2263] Analyzing Verilog file "/home/spdy18695/workbench/CODES/Vivado_projects/Systolic_Array/Systolic_Array.srcs/sources_1/new/ProcessingElement_CONTROLLER.v" into library xil_defaultlib
INFO: [VRFC 10-311] analyzing module ProcessingElement_CONTROLLER
INFO: [VRFC 10-2263] Analyzing Verilog file "/home/spdy18695/workbench/CODES/Vivado_projects/Systolic_Array/Systolic_Array.srcs/sources_1/new/ProcessingElement_DATAPATH.v" into library xil_defaultlib
INFO: [VRFC 10-311] analyzing module ProcessingElement_DATAPATH
INFO: [VRFC 10-2263] Analyzing Verilog file "/home/spdy18695/workbench/CODES/Vivado_projects/Systolic_Array/Systolic_Array.srcs/sources_1/new/RESULT_PIPO.v" into library xil_defaultlib
INFO: [VRFC 10-311] analyzing module RESULT_PIPO
INFO: [VRFC 10-2263] Analyzing Verilog file "/home/spdy18695/workbench/CODES/Vivado_projects/Systolic_Array/Systolic_Array.srcs/sources_1/new/RoundExp.v" into library xil_defaultlib
INFO: [VRFC 10-311] analyzing module RoundExp
INFO: [VRFC 10-2263] Analyzing Verilog file "/home/spdy18695/workbench/CODES/Vivado_projects/Systolic_Array/Systolic_Array.srcs/sources_1/new/SHIFTREG1.v" into library xil_defaultlib
INFO: [VRFC 10-311] analyzing module SHIFTREG1
INFO: [VRFC 10-2263] Analyzing Verilog file "/home/spdy18695/workbench/CODES/Vivado_projects/Systolic_Array/Systolic_Array.srcs/sources_1/new/SHIFTREG2.v" into library xil_defaultlib
INFO: [VRFC 10-311] analyzing module SHIFTREG2
INFO: [VRFC 10-2263] Analyzing Verilog file "/home/spdy18695/workbench/CODES/Vivado_projects/Systolic_Array/Systolic_Array.srcs/sources_1/new/Systolic_Processor.v" into library xil_defaultlib
INFO: [VRFC 10-311] analyzing module Systolic_Processor
INFO: [VRFC 10-2263] Analyzing Verilog file "/home/spdy18695/workbench/CODES/Vivado_projects/Systolic_Array/Systolic_Array.srcs/sources_1/new/accumulator_unit.v" into library xil_defaultlib
INFO: [VRFC 10-311] analyzing module accumulator_unit
ERROR: [VRFC 10-4982] syntax error near 'if' [/home/spdy18695/workbench/CODES/Vivado_projects/Systolic_Array/Systolic_Array.srcs/sources_1/new/accumulator_unit.v:282]
ERROR: [VRFC 10-2790] Verilog 2000 keyword if used in incorrect context [/home/spdy18695/workbench/CODES/Vivado_projects/Systolic_Array/Systolic_Array.srcs/sources_1/new/accumulator_unit.v:282]
ERROR: [VRFC 10-4982] syntax error near '}' [/home/spdy18695/workbench/CODES/Vivado_projects/Systolic_Array/Systolic_Array.srcs/sources_1/new/accumulator_unit.v:287]
ERROR: [VRFC 10-4982] syntax error near '}' [/home/spdy18695/workbench/CODES/Vivado_projects/Systolic_Array/Systolic_Array.srcs/sources_1/new/accumulator_unit.v:288]
ERROR: [VRFC 10-4982] syntax error near '}' [/home/spdy18695/workbench/CODES/Vivado_projects/Systolic_Array/Systolic_Array.srcs/sources_1/new/accumulator_unit.v:296]
ERROR: [VRFC 10-4982] syntax error near '}' [/home/spdy18695/workbench/CODES/Vivado_projects/Systolic_Array/Systolic_Array.srcs/sources_1/new/accumulator_unit.v:297]
ERROR: [VRFC 10-4982] syntax error near '}' [/home/spdy18695/workbench/CODES/Vivado_projects/Systolic_Array/Systolic_Array.srcs/sources_1/new/accumulator_unit.v:301]
ERROR: [VRFC 10-4982] syntax error near ''' [/home/spdy18695/workbench/CODES/Vivado_projects/Systolic_Array/Systolic_Array.srcs/sources_1/new/accumulator_unit.v:367]
ERROR: [VRFC 10-4982] syntax error near '=' [/home/spdy18695/workbench/CODES/Vivado_projects/Systolic_Array/Systolic_Array.srcs/sources_1/new/accumulator_unit.v:380]
ERROR: [VRFC 10-4982] syntax error near 'else' [/home/spdy18695/workbench/CODES/Vivado_projects/Systolic_Array/Systolic_Array.srcs/sources_1/new/accumulator_unit.v:385]
ERROR: [VRFC 10-2790] Verilog 2000 keyword else used in incorrect context [/home/spdy18695/workbench/CODES/Vivado_projects/Systolic_Array/Systolic_Array.srcs/sources_1/new/accumulator_unit.v:385]
ERROR: [VRFC 10-4982] syntax error near 'end' [/home/spdy18695/workbench/CODES/Vivado_projects/Systolic_Array/Systolic_Array.srcs/sources_1/new/accumulator_unit.v:388]
ERROR: [VRFC 10-2790] Verilog 2000 keyword end used in incorrect context [/home/spdy18695/workbench/CODES/Vivado_projects/Systolic_Array/Systolic_Array.srcs/sources_1/new/accumulator_unit.v:388]
ERROR: [VRFC 10-4982] syntax error near '=' [/home/spdy18695/workbench/CODES/Vivado_projects/Systolic_Array/Systolic_Array.srcs/sources_1/new/accumulator_unit.v:390]
ERROR: [VRFC 10-4982] syntax error near 'else' [/home/spdy18695/workbench/CODES/Vivado_projects/Systolic_Array/Systolic_Array.srcs/sources_1/new/accumulator_unit.v:395]
ERROR: [VRFC 10-2790] Verilog 2000 keyword else used in incorrect context [/home/spdy18695/workbench/CODES/Vivado_projects/Systolic_Array/Systolic_Array.srcs/sources_1/new/accumulator_unit.v:395]
ERROR: [VRFC 10-4982] syntax error near 'end' [/home/spdy18695/workbench/CODES/Vivado_projects/Systolic_Array/Systolic_Array.srcs/sources_1/new/accumulator_unit.v:406]
ERROR: [VRFC 10-2790] Verilog 2000 keyword end used in incorrect context [/home/spdy18695/workbench/CODES/Vivado_projects/Systolic_Array/Systolic_Array.srcs/sources_1/new/accumulator_unit.v:406]
ERROR: [VRFC 10-554] default case should appear only once [/home/spdy18695/workbench/CODES/Vivado_projects/Systolic_Array/Systolic_Array.srcs/sources_1/new/accumulator_unit.v:334]
INFO: [#UNDEF] Sorry, too many errors..
INFO: [USF-XSim-69] 'compile' step finished in '1' seconds
INFO: [USF-XSim-99] Step results log file:'/home/spdy18695/workbench/CODES/Vivado_projects/Systolic_Array/Systolic_Array.sim/sim_1/behav/xsim/xvlog.log'
ERROR: [USF-XSim-62] 'compile' step failed with error(s). Please check the Tcl console output or '/home/spdy18695/workbench/CODES/Vivado_projects/Systolic_Array/Systolic_Array.sim/sim_1/behav/xsim/xvlog.log' file for more information.
ERROR: [Vivado 12-4473] Detected error while running simulation. Please correct the issue and retry this operation.
ERROR: [Common 17-39] 'launch_simulation' failed due to earlier errors.
ERROR: [Common 17-69] Command failed: ERROR: [Common 17-39] 'launch_simulation' failed due to earlier errors.

close_sim
INFO: [Simtcl 6-16] Simulation closed
close_project
exit
INFO: [Common 17-206] Exiting Vivado at Wed Mar  3 19:19:27 2021...
